#
# There is insufficient memory for the Java Runtime Environment to continue.
# Native memory allocation (malloc) failed to allocate 951232 bytes for Chunk::new
# Possible reasons:
#   The system is out of physical RAM or swap space
#   The process is running with CompressedOops enabled, and the Java Heap may be blocking the growth of the native heap
# Possible solutions:
#   Reduce memory load on the system
#   Increase physical memory or swap space
#   Check if swap backing store is full
#   Decrease Java heap size (-Xmx/-Xms)
#   Decrease number of Java threads
#   Decrease Java thread stack sizes (-Xss)
#   Set larger code cache with -XX:ReservedCodeCacheSize=
#   JVM is running with Unscaled Compressed Oops mode in which the Java heap is
#     placed in the first 4GB address space. The Java Heap base address is the
#     maximum limit for the native heap growth. Please use -XX:HeapBaseMinAddress
#     to set the Java Heap base and to place the Java Heap above 4GB virtual address.
# This output file may be truncated or incomplete.
#
#  Out of Memory Error (allocation.cpp:389), pid=8448, tid=0x0000000000002928
#
# JRE version: OpenJDK Runtime Environment (8.0_242-b01) (build 1.8.0_242-release-1644-b01)
# Java VM: OpenJDK 64-Bit Server VM (25.242-b01 mixed mode windows-amd64 compressed oops)
# Failed to write core dump. Minidumps are not enabled by default on client versions of Windows
#

---------------  T H R E A D  ---------------

Current thread (0x0000000019ec3000):  JavaThread "C2 CompilerThread1" daemon [_thread_in_native, id=10536, stack(0x000000001a890000,0x000000001a990000)]

Stack: [0x000000001a890000,0x000000001a990000]
[error occurred during error reporting (printing stack bounds), id 0xc0000005]

Native frames: (J=compiled Java code, j=interpreted, Vv=VM code, C=native code)


Current CompileTask:
C2:5636140 62082       4       com.android.tools.r8.graph.j1::a (73 bytes)


---------------  P R O C E S S  ---------------

Java Threads: ( => current thread )
  0x000000002370f000 JavaThread "ForkJoinPool-46-worker-0" daemon [_thread_blocked, id=3788, stack(0x0000000050670000,0x0000000050770000)]
  0x000000002370c000 JavaThread "ForkJoinPool-46-worker-7" daemon [_thread_blocked, id=468, stack(0x0000000050570000,0x0000000050670000)]
  0x000000002370f800 JavaThread "ForkJoinPool-46-worker-6" daemon [_thread_blocked, id=7212, stack(0x0000000050470000,0x0000000050570000)]
  0x000000002370e000 JavaThread "ForkJoinPool-46-worker-5" daemon [_thread_in_Java, id=6536, stack(0x0000000050370000,0x0000000050470000)]
  0x0000000019eca000 JavaThread "ForkJoinPool-46-worker-4" daemon [_thread_blocked, id=132, stack(0x0000000050270000,0x0000000050370000)]
  0x0000000019ec9800 JavaThread "ForkJoinPool-46-worker-3" daemon [_thread_blocked, id=11788, stack(0x0000000050170000,0x0000000050270000)]
  0x0000000020ece800 JavaThread "ForkJoinPool-46-worker-2" daemon [_thread_blocked, id=12524, stack(0x0000000050070000,0x0000000050170000)]
  0x0000000020ed0000 JavaThread "ForkJoinPool-46-worker-1" daemon [_thread_in_Java, id=8868, stack(0x000000004ff70000,0x0000000050070000)]
  0x000000002d268000 JavaThread "WorkerExecutor Queue Thread 9" [_thread_blocked, id=13252, stack(0x000000004e1c0000,0x000000004e2c0000)]
  0x000000002d266800 JavaThread "Cache worker for Java compile cache (F:\Learn_code_on_College\Chuyen-de-di-dong\codeProject\HotelBookingAppOfAdmin\.gradle\6.5\javaCompile)" [_thread_blocked, id=13924, stack(0x000000004cbe0000,0x000000004cce0000)]
  0x000000001a107000 JavaThread "stdout" [_thread_in_native, id=2252, stack(0x000000004f240000,0x000000004f340000)]
  0x000000001a0ff800 JavaThread "stderr" [_thread_in_native, id=5736, stack(0x000000004f140000,0x000000004f240000)]
  0x000000001a106800 JavaThread "stdout" [_thread_in_native, id=3444, stack(0x000000004f040000,0x000000004f140000)]
  0x000000001a105000 JavaThread "stderr" [_thread_in_native, id=5612, stack(0x000000004ef40000,0x000000004f040000)]
  0x000000001a105800 JavaThread "stdout" [_thread_in_native, id=13356, stack(0x000000004ee40000,0x000000004ef40000)]
  0x000000001a104000 JavaThread "stderr" [_thread_in_native, id=3204, stack(0x000000004ed40000,0x000000004ee40000)]
  0x000000001b558800 JavaThread "stdout" [_thread_in_native, id=3400, stack(0x000000004ec40000,0x000000004ed40000)]
  0x000000001b55b000 JavaThread "stderr" [_thread_in_native, id=8120, stack(0x000000004eb40000,0x000000004ec40000)]
  0x000000001b558000 JavaThread "stdout" [_thread_in_native, id=8280, stack(0x000000004ea40000,0x000000004eb40000)]
  0x000000001b559800 JavaThread "stderr" [_thread_in_native, id=11104, stack(0x000000004e940000,0x000000004ea40000)]
  0x000000001b54f800 JavaThread "stdout" [_thread_in_native, id=2384, stack(0x000000004e840000,0x000000004e940000)]
  0x000000001b552000 JavaThread "stderr" [_thread_in_native, id=4264, stack(0x000000004e740000,0x000000004e840000)]
  0x000000001b556800 JavaThread "stdout" [_thread_in_native, id=3992, stack(0x000000004e640000,0x000000004e740000)]
  0x000000001b92a800 JavaThread "stderr" [_thread_in_native, id=11412, stack(0x000000004e540000,0x000000004e640000)]
  0x000000001b92d800 JavaThread "stdout" [_thread_in_native, id=11624, stack(0x000000004e440000,0x000000004e540000)]
  0x000000001b92c000 JavaThread "stderr" [_thread_in_native, id=13420, stack(0x000000004e340000,0x000000004e440000)]
  0x000000001b929800 JavaThread "WorkerExecutor Queue Thread 8" [_thread_blocked, id=1636, stack(0x000000004e0c0000,0x000000004e1c0000)]
  0x000000001b92c800 JavaThread "pool-83-thread-1" [_thread_blocked, id=11872, stack(0x000000004dfc0000,0x000000004e0c0000)]
  0x000000001b922000 JavaThread "WorkerExecutor Queue Thread 7" [_thread_blocked, id=7316, stack(0x000000004dec0000,0x000000004dfc0000)]
  0x000000001b921800 JavaThread "WorkerExecutor Queue Thread 6" [_thread_blocked, id=3300, stack(0x000000004ddc0000,0x000000004dec0000)]
  0x000000001b927800 JavaThread "WorkerExecutor Queue Thread 5" [_thread_blocked, id=8732, stack(0x000000004d040000,0x000000004d140000)]
  0x000000001b041800 JavaThread "WorkerExecutor Queue Thread 3" [_thread_blocked, id=5580, stack(0x000000004ce40000,0x000000004cf40000)]
  0x000000001b042800 JavaThread "WorkerExecutor Queue Thread 2" [_thread_blocked, id=10172, stack(0x000000004cd40000,0x000000004ce40000)]
  0x000000001b044000 JavaThread "WorkerExecutor Queue" [_thread_blocked, id=300, stack(0x000000004cae0000,0x000000004cbe0000)]
  0x000000001b039800 JavaThread "Cache worker for execution history cache (F:\Learn_code_on_College\Chuyen-de-di-dong\codeProject\HotelBookingAppOfAdmin\.gradle\6.5\executionHistory)" [_thread_blocked, id=8444, stack(0x000000004c9e0000,0x000000004cae0000)]
  0x000000001b040000 JavaThread "Execution worker for ':' Thread 7" [_thread_blocked, id=10600, stack(0x000000004c8e0000,0x000000004c9e0000)]
  0x000000001b03f800 JavaThread "Execution worker for ':' Thread 6" [_thread_blocked, id=12696, stack(0x000000004c7e0000,0x000000004c8e0000)]
  0x000000001b038000 JavaThread "Execution worker for ':' Thread 5" [_thread_blocked, id=2060, stack(0x000000004c6e0000,0x000000004c7e0000)]
  0x000000001bf3a000 JavaThread "Execution worker for ':' Thread 4" [_thread_blocked, id=856, stack(0x000000004c5e0000,0x000000004c6e0000)]
  0x000000001bf38800 JavaThread "Execution worker for ':' Thread 3" [_thread_blocked, id=6748, stack(0x000000004c270000,0x000000004c370000)]
  0x000000001bf38000 JavaThread "Execution worker for ':' Thread 2" [_thread_blocked, id=12580, stack(0x000000004b860000,0x000000004b960000)]
  0x000000001bf39800 JavaThread "Execution worker for ':'" [_thread_blocked, id=11724, stack(0x0000000048ea0000,0x0000000048fa0000)]
  0x000000001bf37000 JavaThread "Cache worker for file content cache (F:\Learn_code_on_College\Chuyen-de-di-dong\codeProject\HotelBookingAppOfAdmin\.gradle\6.5\fileContent)" [_thread_blocked, id=12904, stack(0x0000000045f90000,0x0000000046090000)]
  0x000000001bf2f800 JavaThread "Cache worker for Build Output Cleanup Cache (F:\Learn_code_on_College\Chuyen-de-di-dong\codeProject\HotelBookingAppOfAdmin\.gradle\buildOutputCleanup)" [_thread_blocked, id=1800, stack(0x0000000043e90000,0x0000000043f90000)]
  0x000000001bf36800 JavaThread "Build operations Thread 8" [_thread_blocked, id=1716, stack(0x0000000043b80000,0x0000000043c80000)]
  0x000000001bf35800 JavaThread "Build operations Thread 7" [_thread_blocked, id=11308, stack(0x0000000027fe0000,0x00000000280e0000)]
  0x000000001bf35000 JavaThread "Build operations Thread 6" [_thread_blocked, id=6732, stack(0x0000000027ee0000,0x0000000027fe0000)]
  0x000000001bf2c800 JavaThread "Build operations Thread 5" [_thread_blocked, id=5912, stack(0x0000000027de0000,0x0000000027ee0000)]
  0x000000001bf2b800 JavaThread "Build operations Thread 4" [_thread_blocked, id=11912, stack(0x0000000027ce0000,0x0000000027de0000)]
  0x000000001bf2e000 JavaThread "Build operations Thread 3" [_thread_blocked, id=13572, stack(0x0000000027be0000,0x0000000027ce0000)]
  0x000000001bf32000 JavaThread "Build operations Thread 2" [_thread_blocked, id=6016, stack(0x00000000278a0000,0x00000000279a0000)]
  0x000000001bf2e800 JavaThread "Build operations" [_thread_blocked, id=9288, stack(0x00000000277a0000,0x00000000278a0000)]
  0x000000003f8e7000 JavaThread "Cache worker for cache directory md-rule (C:\Users\hieub\.gradle\caches\6.5\md-rule)" [_thread_blocked, id=11452, stack(0x00000000276a0000,0x00000000277a0000)]
  0x000000003f8e7800 JavaThread "Cache worker for cache directory md-supplier (C:\Users\hieub\.gradle\caches\6.5\md-supplier)" [_thread_blocked, id=1944, stack(0x00000000275a0000,0x00000000276a0000)]
  0x000000003f8e5800 JavaThread "Cache worker for checksums cache (F:\Learn_code_on_College\Chuyen-de-di-dong\codeProject\HotelBookingAppOfAdmin\.gradle\checksums)" [_thread_blocked, id=5100, stack(0x00000000257a0000,0x00000000258a0000)]
  0x000000003f8e6000 JavaThread "Cache worker for file hash cache (F:\Learn_code_on_College\Chuyen-de-di-dong\codeProject\HotelBookingAppOfAdmin\.gradle\6.5\fileHashes)" [_thread_blocked, id=5692, stack(0x00000000248a0000,0x00000000249a0000)]
  0x000000003f8e4800 JavaThread "Thread-3199" [_thread_blocked, id=8512, stack(0x00000000230d0000,0x00000000231d0000)]
  0x000000003f8dc800 JavaThread "Stdin handler" [_thread_blocked, id=13260, stack(0x0000000022bc0000,0x0000000022cc0000)]
  0x000000003f8e2800 JavaThread "Asynchronous log dispatcher for DefaultDaemonConnection: socket connection from /127.0.0.1:59559 to /127.0.0.1:49625" [_thread_blocked, id=7916, stack(0x00000000227c0000,0x00000000228c0000)]
  0x000000003f8e1800 JavaThread "Cancel handler" [_thread_blocked, id=7716, stack(0x000000001e6d0000,0x000000001e7d0000)]
  0x000000003f8de800 JavaThread "Handler for socket connection from /127.0.0.1:59559 to /127.0.0.1:49625" [_thread_in_native, id=6584, stack(0x000000001e2d0000,0x000000001e3d0000)]
  0x000000001a102800 JavaThread "jar transforms Thread 2048" [_thread_blocked, id=13008, stack(0x0000000043390000,0x0000000043490000)]
  0x000000001a103800 JavaThread "jar transforms Thread 2047" [_thread_blocked, id=12832, stack(0x0000000043020000,0x0000000043120000)]
  0x000000001a102000 JavaThread "jar transforms Thread 2046" [_thread_blocked, id=5220, stack(0x00000000421f0000,0x00000000422f0000)]
  0x000000001a0fd800 JavaThread "jar transforms Thread 2045" [_thread_blocked, id=12764, stack(0x0000000041c20000,0x0000000041d20000)]
  0x000000001a0fb000 JavaThread "jar transforms Thread 2044" [_thread_blocked, id=6140, stack(0x000000003ee90000,0x000000003ef90000)]
  0x000000001a0fa800 JavaThread "jar transforms Thread 2043" [_thread_blocked, id=5556, stack(0x000000003d590000,0x000000003d690000)]
  0x000000001a0fc800 JavaThread "jar transforms Thread 2042" [_thread_blocked, id=6560, stack(0x000000003d290000,0x000000003d390000)]
  0x000000001a0ff000 JavaThread "jar transforms Thread 2041" [_thread_blocked, id=2024, stack(0x000000003cd90000,0x000000003ce90000)]
  0x000000001a100800 JavaThread "jar transforms Thread 2040" [_thread_blocked, id=9540, stack(0x000000003c890000,0x000000003c990000)]
  0x000000001a0f8000 JavaThread "jar transforms Thread 2039" [_thread_blocked, id=5628, stack(0x000000003c590000,0x000000003c690000)]
  0x000000001a0fc000 JavaThread "jar transforms Thread 2038" [_thread_blocked, id=1112, stack(0x00000000365a0000,0x00000000366a0000)]
  0x000000001a0f9800 JavaThread "jar transforms Thread 2037" [_thread_blocked, id=7724, stack(0x0000000036280000,0x0000000036380000)]
  0x0000000021845000 JavaThread "jar transforms Thread 2036" [_thread_blocked, id=4884, stack(0x0000000035b30000,0x0000000035c30000)]
  0x0000000021844800 JavaThread "jar transforms Thread 2035" [_thread_blocked, id=5396, stack(0x0000000035a30000,0x0000000035b30000)]
  0x0000000021843800 JavaThread "jar transforms Thread 2034" [_thread_blocked, id=2336, stack(0x0000000035930000,0x0000000035a30000)]
  0x0000000021847800 JavaThread "jar transforms Thread 2033" [_thread_blocked, id=10920, stack(0x0000000035350000,0x0000000035450000)]
  0x0000000021846800 JavaThread "jar transforms Thread 2032" [_thread_blocked, id=4804, stack(0x0000000034f50000,0x0000000035050000)]
  0x0000000021843000 JavaThread "jar transforms Thread 2031" [_thread_blocked, id=12544, stack(0x0000000033600000,0x0000000033700000)]
  0x000000002183b800 JavaThread "jar transforms Thread 2030" [_thread_blocked, id=13344, stack(0x0000000033070000,0x0000000033170000)]
  0x0000000021842000 JavaThread "jar transforms Thread 2029" [_thread_blocked, id=10580, stack(0x0000000032b70000,0x0000000032c70000)]
  0x0000000021841800 JavaThread "jar transforms Thread 2028" [_thread_blocked, id=1784, stack(0x0000000032a70000,0x0000000032b70000)]
  0x000000002183a000 JavaThread "jar transforms Thread 2027" [_thread_blocked, id=12812, stack(0x0000000031970000,0x0000000031a70000)]
  0x0000000021840800 JavaThread "jar transforms Thread 2026" [_thread_blocked, id=6076, stack(0x0000000031470000,0x0000000031570000)]
  0x0000000021840000 JavaThread "jar transforms Thread 2025" [_thread_blocked, id=9880, stack(0x0000000031370000,0x0000000031470000)]
  0x0000000021838800 JavaThread "jar transforms Thread 2024" [_thread_blocked, id=12424, stack(0x0000000031270000,0x0000000031370000)]
  0x000000002183d800 JavaThread "jar transforms Thread 2023" [_thread_blocked, id=12988, stack(0x0000000031170000,0x0000000031270000)]
  0x0000000021839000 JavaThread "jar transforms Thread 2022" [_thread_blocked, id=6680, stack(0x000000002e4d0000,0x000000002e5d0000)]
  0x000000002183a800 JavaThread "jar transforms Thread 2021" [_thread_blocked, id=4992, stack(0x000000002cb70000,0x000000002cc70000)]
  0x000000002183f000 JavaThread "jar transforms Thread 2020" [_thread_blocked, id=12848, stack(0x000000002c810000,0x000000002c910000)]
  0x000000002183e800 JavaThread "jar transforms Thread 2019" [_thread_blocked, id=1932, stack(0x000000002c710000,0x000000002c810000)]
  0x0000000020795800 JavaThread "jar transforms Thread 2018" [_thread_blocked, id=5228, stack(0x000000002c610000,0x000000002c710000)]
  0x0000000020795000 JavaThread "jar transforms Thread 2017" [_thread_blocked, id=2404, stack(0x000000002c190000,0x000000002c290000)]
  0x0000000020794000 JavaThread "jar transforms Thread 2016" [_thread_blocked, id=10784, stack(0x000000002be90000,0x000000002bf90000)]
  0x0000000020798800 JavaThread "jar transforms Thread 2015" [_thread_blocked, id=4020, stack(0x000000002ae80000,0x000000002af80000)]
  0x0000000020798000 JavaThread "jar transforms Thread 2014" [_thread_blocked, id=11180, stack(0x000000002aae0000,0x000000002abe0000)]
  0x0000000020797000 JavaThread "jar transforms Thread 2013" [_thread_blocked, id=11268, stack(0x000000002a9e0000,0x000000002aae0000)]
  0x0000000020796800 JavaThread "jar transforms Thread 2012" [_thread_blocked, id=14236, stack(0x000000002a8e0000,0x000000002a9e0000)]
  0x000000002078c800 JavaThread "jar transforms Thread 2011" [_thread_blocked, id=13736, stack(0x000000002a7e0000,0x000000002a8e0000)]
  0x0000000020793800 JavaThread "jar transforms Thread 2010" [_thread_blocked, id=10420, stack(0x000000002a6e0000,0x000000002a7e0000)]
  0x000000002078d800 JavaThread "jar transforms Thread 2009" [_thread_blocked, id=9280, stack(0x000000002a5e0000,0x000000002a6e0000)]
  0x0000000020792800 JavaThread "jar transforms Thread 2008" [_thread_blocked, id=11100, stack(0x000000002a4e0000,0x000000002a5e0000)]
  0x000000002078b000 JavaThread "jar transforms Thread 2007" [_thread_blocked, id=4768, stack(0x000000002a3e0000,0x000000002a4e0000)]
  0x0000000020791000 JavaThread "jar transforms Thread 2006" [_thread_blocked, id=6044, stack(0x000000002a2e0000,0x000000002a3e0000)]
  0x000000002078f000 JavaThread "jar transforms Thread 2005" [_thread_blocked, id=1700, stack(0x000000002a1e0000,0x000000002a2e0000)]
  0x0000000020792000 JavaThread "jar transforms Thread 2004" [_thread_blocked, id=9784, stack(0x000000002a0e0000,0x000000002a1e0000)]
  0x0000000020790800 JavaThread "jar transforms Thread 2003" [_thread_blocked, id=10440, stack(0x0000000029fe0000,0x000000002a0e0000)]
  0x000000002078e000 JavaThread "jar transforms Thread 2002" [_thread_blocked, id=9832, stack(0x0000000029ee0000,0x0000000029fe0000)]
  0x000000002078c000 JavaThread "jar transforms Thread 2001" [_thread_blocked, id=4040, stack(0x0000000029de0000,0x0000000029ee0000)]
  0x000000002078a800 JavaThread "jar transforms Thread 2000" [_thread_blocked, id=2352, stack(0x0000000029ce0000,0x0000000029de0000)]
  0x000000002078f800 JavaThread "jar transforms Thread 1999" [_thread_blocked, id=2908, stack(0x0000000029be0000,0x0000000029ce0000)]
  0x000000002d1b4800 JavaThread "jar transforms Thread 1998" [_thread_blocked, id=4500, stack(0x0000000029ae0000,0x0000000029be0000)]
  0x000000002d1ac800 JavaThread "jar transforms Thread 1997" [_thread_blocked, id=1456, stack(0x00000000299e0000,0x0000000029ae0000)]
  0x000000002d1b3800 JavaThread "jar transforms Thread 1996" [_thread_blocked, id=8468, stack(0x00000000298e0000,0x00000000299e0000)]
  0x000000002d1ac000 JavaThread "jar transforms Thread 1995" [_thread_blocked, id=952, stack(0x00000000297e0000,0x00000000298e0000)]
  0x000000002d1b2000 JavaThread "jar transforms Thread 1994" [_thread_blocked, id=10892, stack(0x00000000296e0000,0x00000000297e0000)]
  0x000000002d1b2800 JavaThread "jar transforms Thread 1993" [_thread_blocked, id=6864, stack(0x00000000295e0000,0x00000000296e0000)]
  0x000000002d1b0800 JavaThread "jar transforms Thread 1992" [_thread_blocked, id=11112, stack(0x00000000294e0000,0x00000000295e0000)]
  0x000000002d1af000 JavaThread "jar transforms Thread 1991" [_thread_blocked, id=5608, stack(0x00000000293e0000,0x00000000294e0000)]
  0x000000002d1b1000 JavaThread "jar transforms Thread 1990" [_thread_blocked, id=10880, stack(0x00000000292e0000,0x00000000293e0000)]
  0x000000002d1af800 JavaThread "jar transforms Thread 1989" [_thread_blocked, id=3552, stack(0x00000000291e0000,0x00000000292e0000)]
  0x000000002d1ae000 JavaThread "jar transforms Thread 1988" [_thread_blocked, id=8892, stack(0x00000000290e0000,0x00000000291e0000)]
  0x000000002d1a4800 JavaThread "jar transforms Thread 1987" [_thread_blocked, id=3036, stack(0x0000000028fe0000,0x00000000290e0000)]
  0x000000002d1ab000 JavaThread "jar transforms Thread 1986" [_thread_blocked, id=9940, stack(0x0000000028ee0000,0x0000000028fe0000)]
  0x000000002d1aa800 JavaThread "jar transforms Thread 1985" [_thread_blocked, id=1508, stack(0x0000000028de0000,0x0000000028ee0000)]
  0x000000002d1a9800 JavaThread "jar transforms Thread 1984" [_thread_blocked, id=9516, stack(0x0000000028ce0000,0x0000000028de0000)]
  0x000000002d1a2000 JavaThread "jar transforms Thread 1983" [_thread_blocked, id=12804, stack(0x0000000028be0000,0x0000000028ce0000)]
  0x000000002d1a8000 JavaThread "jar transforms Thread 1982" [_thread_blocked, id=12116, stack(0x0000000028ae0000,0x0000000028be0000)]
  0x000000002d19a000 JavaThread "jar transforms Thread 1981" [_thread_blocked, id=5172, stack(0x00000000289e0000,0x0000000028ae0000)]
  0x000000002d197800 JavaThread "jar transforms Thread 1980" [_thread_blocked, id=644, stack(0x00000000288e0000,0x00000000289e0000)]
  0x000000002d198800 JavaThread "jar transforms Thread 1979" [_thread_blocked, id=7996, stack(0x00000000287e0000,0x00000000288e0000)]
  0x000000002d19d800 JavaThread "jar transforms Thread 1978" [_thread_blocked, id=10708, stack(0x00000000286e0000,0x00000000287e0000)]
  0x000000002d19d000 JavaThread "jar transforms Thread 1977" [_thread_blocked, id=12776, stack(0x00000000285e0000,0x00000000286e0000)]
  0x000000002d19c000 JavaThread "jar transforms Thread 1976" [_thread_blocked, id=11296, stack(0x00000000284e0000,0x00000000285e0000)]
  0x000000002d195800 JavaThread "jar transforms Thread 1975" [_thread_blocked, id=14156, stack(0x00000000283e0000,0x00000000284e0000)]
  0x000000002d197000 JavaThread "jar transforms Thread 1974" [_thread_blocked, id=3516, stack(0x00000000282e0000,0x00000000283e0000)]
  0x000000003f8e9000 JavaThread "jar transforms Thread 1973" [_thread_blocked, id=9508, stack(0x00000000281e0000,0x00000000282e0000)]
  0x000000003f8e8800 JavaThread "jar transforms Thread 1972" [_thread_blocked, id=12984, stack(0x00000000280e0000,0x00000000281e0000)]
  0x000000003f8e1000 JavaThread "jar transforms Thread 1971" [_thread_blocked, id=2784, stack(0x00000000274a0000,0x00000000275a0000)]
  0x000000003f8df800 JavaThread "jar transforms Thread 1970" [_thread_blocked, id=13744, stack(0x00000000273a0000,0x00000000274a0000)]
  0x000000003f8e0000 JavaThread "jar transforms Thread 1969" [_thread_blocked, id=2588, stack(0x00000000272a0000,0x00000000273a0000)]
  0x000000003f8de000 JavaThread "jar transforms Thread 1968" [_thread_blocked, id=7244, stack(0x0000000026fa0000,0x00000000270a0000)]
  0x000000003f8d5000 JavaThread "jar transforms Thread 1967" [_thread_blocked, id=1856, stack(0x0000000026ea0000,0x0000000026fa0000)]
  0x000000003f8d4000 JavaThread "jar transforms Thread 1966" [_thread_blocked, id=9224, stack(0x0000000026da0000,0x0000000026ea0000)]
  0x000000003f8d3800 JavaThread "jar transforms Thread 1965" [_thread_blocked, id=13404, stack(0x00000000266a0000,0x00000000267a0000)]
  0x000000003f8da000 JavaThread "jar transforms Thread 1964" [_thread_blocked, id=1644, stack(0x00000000265a0000,0x00000000266a0000)]
  0x000000003f8d5800 JavaThread "jar transforms Thread 1963" [_thread_blocked, id=8476, stack(0x00000000264a0000,0x00000000265a0000)]
  0x000000003f8d2800 JavaThread "jar transforms Thread 1962" [_thread_blocked, id=12788, stack(0x00000000263a0000,0x00000000264a0000)]
  0x000000003f8d2000 JavaThread "jar transforms Thread 1961" [_thread_blocked, id=6180, stack(0x0000000025ea0000,0x0000000025fa0000)]
  0x000000003f8d8800 JavaThread "jar transforms Thread 1960" [_thread_blocked, id=10392, stack(0x0000000025da0000,0x0000000025ea0000)]
  0x000000003f8ca800 JavaThread "jar transforms Thread 1959" [_thread_blocked, id=14044, stack(0x0000000025ca0000,0x0000000025da0000)]
  0x000000003f8d1000 JavaThread "jar transforms Thread 1958" [_thread_blocked, id=11048, stack(0x0000000025ba0000,0x0000000025ca0000)]
  0x000000003f8cf000 JavaThread "jar transforms Thread 1957" [_thread_blocked, id=9128, stack(0x0000000025aa0000,0x0000000025ba0000)]
  0x000000003f8cb000 JavaThread "jar transforms Thread 1956" [_thread_blocked, id=13596, stack(0x00000000259a0000,0x0000000025aa0000)]
  0x000000003f8d0800 JavaThread "jar transforms Thread 1955" [_thread_blocked, id=10196, stack(0x00000000258a0000,0x00000000259a0000)]
  0x000000001b929000 JavaThread "Daemon worker Thread 16" [_thread_blocked, id=2996, stack(0x000000001e7d0000,0x000000001e8d0000)]
  0x000000001b923000 JavaThread "Daemon Thread 16" [_thread_blocked, id=10312, stack(0x0000000001470000,0x0000000001570000)]
  0x000000002d1a0800 JavaThread "Cache worker for Java compile cache (C:\Users\hieub\.gradle\caches\6.5\javaCompile)" [_thread_blocked, id=11956, stack(0x0000000035050000,0x0000000035150000)]
  0x000000001b925000 JavaThread "Memory manager" [_thread_blocked, id=11616, stack(0x000000002b580000,0x000000002b680000)]
  0x000000001b03b000 JavaThread "Cache worker for file content cache (C:\Users\hieub\.gradle\caches\6.5\fileContent)" [_thread_blocked, id=9692, stack(0x00000000231d0000,0x00000000232d0000)]
  0x0000000019ecc800 JavaThread "Cache worker for execution history cache (C:\Users\hieub\.gradle\caches\6.5\executionHistory)" [_thread_blocked, id=3772, stack(0x00000000228c0000,0x00000000229c0000)]
  0x0000000019ec8800 JavaThread "Cache worker for file hash cache (C:\Users\hieub\.gradle\caches\6.5\fileHashes)" [_thread_blocked, id=2876, stack(0x000000001eed0000,0x000000001efd0000)]
  0x0000000019ecd800 JavaThread "File lock request listener" [_thread_in_native, id=13328, stack(0x000000001edd0000,0x000000001eed0000)]
  0x000000001ccb8800 JavaThread "Cache worker for journal cache (C:\Users\hieub\.gradle\caches\journal-1)" [_thread_blocked, id=7844, stack(0x000000001ecd0000,0x000000001edd0000)]
  0x000000001caf2800 JavaThread "Daemon periodic checks" [_thread_blocked, id=9636, stack(0x000000001dfd0000,0x000000001e0d0000)]
  0x000000001cae3000 JavaThread "Incoming local TCP Connector on port 59559" [_thread_in_native, id=8780, stack(0x000000001dd90000,0x000000001de90000)]
  0x000000001c504000 JavaThread "Daemon health stats" [_thread_blocked, id=5376, stack(0x000000001c560000,0x000000001c660000)]
  0x0000000019f61000 JavaThread "Service Thread" daemon [_thread_blocked, id=13452, stack(0x000000001ab90000,0x000000001ac90000)]
  0x0000000019ecf800 JavaThread "C1 CompilerThread3" daemon [_thread_blocked, id=6136, stack(0x000000001aa90000,0x000000001ab90000)]
  0x0000000019ecf000 JavaThread "C2 CompilerThread2" daemon [_thread_in_vm, id=12968, stack(0x000000001a990000,0x000000001aa90000)]
=>0x0000000019ec3000 JavaThread "C2 CompilerThread1" daemon [_thread_in_native, id=10536, stack(0x000000001a890000,0x000000001a990000)]
  0x0000000019ec1800 JavaThread "C2 CompilerThread0" daemon [_thread_in_native, id=10064, stack(0x000000001a790000,0x000000001a890000)]
  0x0000000019ec0800 JavaThread "Attach Listener" daemon [_thread_blocked, id=8052, stack(0x000000001a690000,0x000000001a790000)]
  0x0000000019ec6800 JavaThread "Signal Dispatcher" daemon [_thread_blocked, id=7192, stack(0x000000001a590000,0x000000001a690000)]
  0x0000000019eb1000 JavaThread "Finalizer" daemon [_thread_blocked, id=10484, stack(0x000000001a390000,0x000000001a490000)]
  0x0000000003037000 JavaThread "Reference Handler" daemon [_thread_blocked, id=1228, stack(0x000000001a290000,0x000000001a390000)]
  0x0000000002f42800 JavaThread "main" [_thread_blocked, id=13000, stack(0x0000000002e30000,0x0000000002f30000)]

Other Threads:
  0x00000000180a6800 VMThread [stack: 0x0000000019d90000,0x0000000019e90000] [id=8388]
  0x0000000019f62000 WatcherThread [stack: 0x000000001ac90000,0x000000001ad90000] [id=7860]

VM state:not at safepoint (normal execution)

VM Mutex/Monitor currently owned by a thread: None

heap address: 0x0000000080000000, size: 2048 MB, Compressed Oops mode: 32-bit
Narrow klass base: 0x0000000000000000, Narrow klass shift: 3
Compressed class space size: 1073741824 Address: 0x0000000100000000

Heap:
 PSYoungGen      total 495104K, used 492243K [0x00000000d5580000, 0x0000000100000000, 0x0000000100000000)
  eden space 379392K, 99% used [0x00000000d5580000,0x00000000ec536888,0x00000000ec800000)
  from space 115712K, 99% used [0x00000000f8e80000,0x00000000fff7e550,0x00000000fff80000)
  to   space 159744K, 0% used [0x00000000ec800000,0x00000000ec800000,0x00000000f6400000)
 ParOldGen       total 385024K, used 254784K [0x0000000080000000, 0x0000000097800000, 0x00000000d5580000)
  object space 385024K, 66% used [0x0000000080000000,0x000000008f8d00d0,0x0000000097800000)
 Metaspace       used 351364K, capacity 373972K, committed 374168K, reserved 1372160K
  class space    used 46147K, capacity 50524K, committed 50608K, reserved 1048576K

Card table byte_map: [0x0000000012400000,0x0000000012810000] byte_map_base: 0x0000000012000000

Marking Bits: (ParMarkBitMap*) 0x0000000060b9f030
 Begin Bits: [0x00000000132c0000, 0x00000000152c0000)
 End Bits:   [0x00000000152c0000, 0x00000000172c0000)

Polling page: 0x0000000001090000

CodeCache: size=245760Kb used=166465Kb max_used=166477Kb free=79294Kb
 bounds [0x0000000003040000, 0x000000000d3d0000, 0x0000000012040000]
 total_blobs=47946 nmethods=46989 adapters=866
 compilation: enabled

Compilation events (10 events):
Event: 5636.135 Thread 0x0000000019ecf800 62296       3       com.android.tools.r8.code.b2::a (10 bytes)
Event: 5636.136 Thread 0x0000000019ecf000 nmethod 62275 0x000000000d3c0710 code [0x000000000d3c0880, 0x000000000d3c0d38]
Event: 5636.136 Thread 0x0000000019ecf000 62290       4       com.android.tools.r8.code.u1::a (31 bytes)
Event: 5636.136 Thread 0x0000000019ecf800 nmethod 62296 0x000000000d3c00d0 code [0x000000000d3c0240, 0x000000000d3c05a8]
Event: 5636.136 Thread 0x0000000019ecf800 62297       3       com.android.tools.r8.code.f2::a (20 bytes)
Event: 5636.136 Thread 0x0000000019ecf800 nmethod 62297 0x000000000d3bf950 code [0x000000000d3bfae0, 0x000000000d3bff18]
Event: 5636.137 Thread 0x0000000019ecf800 62300       3       com.android.tools.r8.code.W0::a (29 bytes)
Event: 5636.137 Thread 0x0000000019ecf800 nmethod 62300 0x000000000d3bf050 code [0x000000000d3bf1e0, 0x000000000d3bf758]
Event: 5636.138 Thread 0x0000000019ecf000 nmethod 62290 0x000000000d3c2e50 code [0x000000000d3c2fa0, 0x000000000d3c3198]
Event: 5636.138 Thread 0x0000000019ecf000 62293       4       com.android.tools.r8.graph.X::a (6 bytes)

GC Heap History (10 events):
Event: 5550.331 GC heap before
{Heap before GC invocations=90 (full 10):
 PSYoungGen      total 568320K, used 457055K [0x00000000d5580000, 0x0000000100000000, 0x0000000100000000)
  eden space 437760K, 100% used [0x00000000d5580000,0x00000000f0100000,0x00000000f0100000)
  from space 130560K, 14% used [0x00000000f0100000,0x00000000f13d7db8,0x00000000f8080000)
  to   space 128000K, 0% used [0x00000000f8300000,0x00000000f8300000,0x0000000100000000)
 ParOldGen       total 385024K, used 183075K [0x0000000080000000, 0x0000000097800000, 0x00000000d5580000)
  object space 385024K, 47% used [0x0000000080000000,0x000000008b2c8da0,0x0000000097800000)
 Metaspace       used 327582K, capacity 347412K, committed 347672K, reserved 1349632K
  class space    used 42878K, capacity 46788K, committed 46896K, reserved 1048576K
Event: 5550.435 GC heap after
Heap after GC invocations=90 (full 10):
 PSYoungGen      total 558592K, used 59113K [0x00000000d5580000, 0x00000000ff680000, 0x0000000100000000)
  eden space 440320K, 0% used [0x00000000d5580000,0x00000000d5580000,0x00000000f0380000)
  from space 118272K, 49% used [0x00000000f8300000,0x00000000fbcba570,0x00000000ff680000)
  to   space 124416K, 0% used [0x00000000f0380000,0x00000000f0380000,0x00000000f7d00000)
 ParOldGen       total 385024K, used 183083K [0x0000000080000000, 0x0000000097800000, 0x00000000d5580000)
  object space 385024K, 47% used [0x0000000080000000,0x000000008b2cada0,0x0000000097800000)
 Metaspace       used 327582K, capacity 347412K, committed 347672K, reserved 1349632K
  class space    used 42878K, capacity 46788K, committed 46896K, reserved 1048576K
}
Event: 5590.334 GC heap before
{Heap before GC invocations=91 (full 10):
 PSYoungGen      total 558592K, used 499433K [0x00000000d5580000, 0x00000000ff680000, 0x0000000100000000)
  eden space 440320K, 100% used [0x00000000d5580000,0x00000000f0380000,0x00000000f0380000)
  from space 118272K, 49% used [0x00000000f8300000,0x00000000fbcba570,0x00000000ff680000)
  to   space 124416K, 0% used [0x00000000f0380000,0x00000000f0380000,0x00000000f7d00000)
 ParOldGen       total 385024K, used 183083K [0x0000000080000000, 0x0000000097800000, 0x00000000d5580000)
  object space 385024K, 47% used [0x0000000080000000,0x000000008b2cada0,0x0000000097800000)
 Metaspace       used 339031K, capacity 359596K, committed 359832K, reserved 1359872K
  class space    used 44393K, capacity 48493K, committed 48560K, reserved 1048576K
Event: 5590.397 GC heap after
Heap after GC invocations=91 (full 10):
 PSYoungGen      total 564736K, used 63905K [0x00000000d5580000, 0x0000000100000000, 0x0000000100000000)
  eden space 440320K, 0% used [0x00000000d5580000,0x00000000d5580000,0x00000000f0380000)
  from space 124416K, 51% used [0x00000000f0380000,0x00000000f41e8698,0x00000000f7d00000)
  to   space 122368K, 0% used [0x00000000f8880000,0x00000000f8880000,0x0000000100000000)
 ParOldGen       total 385024K, used 183091K [0x0000000080000000, 0x0000000097800000, 0x00000000d5580000)
  object space 385024K, 47% used [0x0000000080000000,0x000000008b2ccda0,0x0000000097800000)
 Metaspace       used 339031K, capacity 359596K, committed 359832K, reserved 1359872K
  class space    used 44393K, capacity 48493K, committed 48560K, reserved 1048576K
}
Event: 5629.367 GC heap before
{Heap before GC invocations=92 (full 10):
 PSYoungGen      total 564736K, used 504225K [0x00000000d5580000, 0x0000000100000000, 0x0000000100000000)
  eden space 440320K, 100% used [0x00000000d5580000,0x00000000f0380000,0x00000000f0380000)
  from space 124416K, 51% used [0x00000000f0380000,0x00000000f41e8698,0x00000000f7d00000)
  to   space 122368K, 0% used [0x00000000f8880000,0x00000000f8880000,0x0000000100000000)
 ParOldGen       total 385024K, used 183091K [0x0000000080000000, 0x0000000097800000, 0x00000000d5580000)
  object space 385024K, 47% used [0x0000000080000000,0x000000008b2ccda0,0x0000000097800000)
 Metaspace       used 341481K, capacity 362476K, committed 362776K, reserved 1363968K
  class space    used 44700K, capacity 48832K, committed 48944K, reserved 1048576K
Event: 5629.405 GC heap after
Heap after GC invocations=92 (full 10):
 PSYoungGen      total 565248K, used 58905K [0x00000000d5580000, 0x00000000ff700000, 0x0000000100000000)
  eden space 452096K, 0% used [0x00000000d5580000,0x00000000d5580000,0x00000000f0f00000)
  from space 113152K, 52% used [0x00000000f8880000,0x00000000fc206690,0x00000000ff700000)
  to   space 118784K, 0% used [0x00000000f0f00000,0x00000000f0f00000,0x00000000f8300000)
 ParOldGen       total 385024K, used 183099K [0x0000000080000000, 0x0000000097800000, 0x00000000d5580000)
  object space 385024K, 47% used [0x0000000080000000,0x000000008b2ceda0,0x0000000097800000)
 Metaspace       used 341481K, capacity 362476K, committed 362776K, reserved 1363968K
  class space    used 44700K, capacity 48832K, committed 48944K, reserved 1048576K
}
Event: 5632.247 GC heap before
{Heap before GC invocations=93 (full 10):
 PSYoungGen      total 565248K, used 511001K [0x00000000d5580000, 0x00000000ff700000, 0x0000000100000000)
  eden space 452096K, 100% used [0x00000000d5580000,0x00000000f0f00000,0x00000000f0f00000)
  from space 113152K, 52% used [0x00000000f8880000,0x00000000fc206690,0x00000000ff700000)
  to   space 118784K, 0% used [0x00000000f0f00000,0x00000000f0f00000,0x00000000f8300000)
 ParOldGen       total 385024K, used 183099K [0x0000000080000000, 0x0000000097800000, 0x00000000d5580000)
  object space 385024K, 47% used [0x0000000080000000,0x000000008b2ceda0,0x0000000097800000)
 Metaspace       used 343525K, capacity 364684K, committed 364824K, reserved 1366016K
  class space    used 44950K, capacity 49106K, committed 49200K, reserved 1048576K
Event: 5632.288 GC heap after
Heap after GC invocations=93 (full 10):
 PSYoungGen      total 570880K, used 61682K [0x00000000d5580000, 0x00000000fff80000, 0x0000000100000000)
  eden space 452096K, 0% used [0x00000000d5580000,0x00000000d5580000,0x00000000f0f00000)
  from space 118784K, 51% used [0x00000000f0f00000,0x00000000f4b3caa0,0x00000000f8300000)
  to   space 115712K, 0% used [0x00000000f8e80000,0x00000000f8e80000,0x00000000fff80000)
 ParOldGen       total 385024K, used 183107K [0x0000000080000000, 0x0000000097800000, 0x00000000d5580000)
  object space 385024K, 47% used [0x0000000080000000,0x000000008b2d0da0,0x0000000097800000)
 Metaspace       used 343525K, capacity 364684K, committed 364824K, reserved 1366016K
  class space    used 44950K, capacity 49106K, committed 49200K, reserved 1048576K
}
Event: 5634.112 GC heap before
{Heap before GC invocations=94 (full 10):
 PSYoungGen      total 570880K, used 513778K [0x00000000d5580000, 0x00000000fff80000, 0x0000000100000000)
  eden space 452096K, 100% used [0x00000000d5580000,0x00000000f0f00000,0x00000000f0f00000)
  from space 118784K, 51% used [0x00000000f0f00000,0x00000000f4b3caa0,0x00000000f8300000)
  to   space 115712K, 0% used [0x00000000f8e80000,0x00000000f8e80000,0x00000000fff80000)
 ParOldGen       total 385024K, used 183107K [0x0000000080000000, 0x0000000097800000, 0x00000000d5580000)
  object space 385024K, 47% used [0x0000000080000000,0x000000008b2d0da0,0x0000000097800000)
 Metaspace       used 351055K, capacity 373622K, committed 373912K, reserved 1372160K
  class space    used 46136K, capacity 50511K, committed 50608K, reserved 1048576K
Event: 5634.607 GC heap after
Heap after GC invocations=94 (full 10):
 PSYoungGen      total 495104K, used 115705K [0x00000000d5580000, 0x0000000100000000, 0x0000000100000000)
  eden space 379392K, 0% used [0x00000000d5580000,0x00000000d5580000,0x00000000ec800000)
  from space 115712K, 99% used [0x00000000f8e80000,0x00000000fff7e550,0x00000000fff80000)
  to   space 159744K, 0% used [0x00000000ec800000,0x00000000ec800000,0x00000000f6400000)
 ParOldGen       total 385024K, used 254784K [0x0000000080000000, 0x0000000097800000, 0x00000000d5580000)
  object space 385024K, 66% used [0x0000000080000000,0x000000008f8d00d0,0x0000000097800000)
 Metaspace       used 351055K, capacity 373622K, committed 373912K, reserved 1372160K
  class space    used 46136K, capacity 50511K, committed 50608K, reserved 1048576K
}

Deoptimization events (10 events):
Event: 5635.657 Thread 0x0000000020ed0000 Uncommon trap: reason=unstable_if action=reinterpret pc=0x000000000d1f4b9c method=com.android.tools.r8.graph.g1.c()Z @ 5
Event: 5635.669 Thread 0x0000000020ed0000 Uncommon trap: reason=unstable_if action=reinterpret pc=0x000000000d2162d0 method=com.android.tools.r8.graph.u.equals(Ljava/lang/Object;)Z @ 27
Event: 5635.685 Thread 0x0000000020ed0000 Uncommon trap: reason=null_check action=make_not_entrant pc=0x000000000d2247d4 method=com.android.tools.r8.graph.i0.computeEquals(Ljava/lang/Object;)Z @ 1
Event: 5635.689 Thread 0x0000000020ed0000 Uncommon trap: reason=null_check action=make_not_entrant pc=0x000000000cdabb4c method=com.android.tools.r8.graph.i0.computeEquals(Ljava/lang/Object;)Z @ 1
Event: 5635.769 Thread 0x0000000020ed0000 Uncommon trap: reason=unstable_if action=reinterpret pc=0x000000000d2272e8 method=com.android.tools.r8.graph.l0$w.equals(Ljava/lang/Object;)Z @ 11
Event: 5635.833 Thread 0x0000000020ed0000 Uncommon trap: reason=unstable_if action=reinterpret pc=0x000000000d1465fc method=com.android.tools.r8.graph.W.E()Z @ 11
Event: 5635.833 Thread 0x0000000020ed0000 Uncommon trap: reason=predicate action=maybe_recompile pc=0x000000000d244c58 method=com.android.tools.r8.graph.X0.d(Ljava/util/function/Function;)Lcom/android/tools/r8/utils/q1; @ 24
Event: 5635.853 Thread 0x0000000020ed0000 Uncommon trap: reason=class_check action=maybe_recompile pc=0x000000000d239bdc method=com.android.tools.r8.graph.X0.d(Ljava/util/function/Function;)Lcom/android/tools/r8/utils/q1; @ 42
Event: 5635.855 Thread 0x0000000020ed0000 Uncommon trap: reason=class_check action=maybe_recompile pc=0x000000000d239bdc method=com.android.tools.r8.graph.X0.d(Ljava/util/function/Function;)Lcom/android/tools/r8/utils/q1; @ 42
Event: 5635.931 Thread 0x000000002370e000 Uncommon trap: reason=unstable_if action=reinterpret pc=0x000000000d23cbc8 method=com.android.tools.r8.graph.J$c.equals(Ljava/lang/Object;)Z @ 18

Classes redefined (0 events):
No events

Internal exceptions (10 events):
Event: 5633.619 Thread 0x000000001b922000 Exception <a 'sun/nio/fs/WindowsException'> (0x00000000e697e580) thrown at [C:\src\AOSP-openjdk-git\hotspot\src\share\vm\prims\jni.cpp, line 710]
Event: 5633.619 Thread 0x000000001b922000 Exception <a 'sun/nio/fs/WindowsException'> (0x00000000e697f418) thrown at [C:\src\AOSP-openjdk-git\hotspot\src\share\vm\prims\jni.cpp, line 710]
Event: 5633.619 Thread 0x000000001b922000 Exception <a 'sun/nio/fs/WindowsException'> (0x00000000e6a0a180) thrown at [C:\src\AOSP-openjdk-git\hotspot\src\share\vm\prims\jni.cpp, line 710]
Event: 5633.619 Thread 0x000000001b922000 Exception <a 'sun/nio/fs/WindowsException'> (0x00000000e6a0b008) thrown at [C:\src\AOSP-openjdk-git\hotspot\src\share\vm\prims\jni.cpp, line 710]
Event: 5633.625 Thread 0x000000001b922000 Exception <a 'sun/nio/fs/WindowsException'> (0x00000000e6b77ab8) thrown at [C:\src\AOSP-openjdk-git\hotspot\src\share\vm\prims\jni.cpp, line 710]
Event: 5634.000 Thread 0x000000001b929800 Exception <a 'sun/nio/fs/WindowsException'> (0x00000000ed849e78) thrown at [C:\src\AOSP-openjdk-git\hotspot\src\share\vm\prims\jni.cpp, line 710]
Event: 5634.691 Thread 0x0000000023714000 Exception <a 'sun/nio/fs/WindowsException'> (0x00000000d702f890) thrown at [C:\src\AOSP-openjdk-git\hotspot\src\share\vm\prims\jni.cpp, line 710]
Event: 5634.932 Thread 0x000000001b044000 Implicit null exception at 0x000000000d0129a5 to 0x000000000d013069
Event: 5635.685 Thread 0x0000000020ed0000 Implicit null exception at 0x000000000d224553 to 0x000000000d2247ad
Event: 5635.689 Thread 0x0000000020ed0000 Implicit null exception at 0x000000000cdab9cf to 0x000000000cdabb3d

Events (10 events):
Event: 5635.855 Thread 0x0000000020ed0000 Uncommon trap: trap_request=0xffffffde fr.pc=0x000000000d239bdc
Event: 5635.855 Thread 0x0000000020ed0000 DEOPT PACKING pc=0x000000000d239bdc sp=0x000000005006ea60
Event: 5635.855 Thread 0x0000000020ed0000 DEOPT UNPACKING pc=0x000000000308557b sp=0x000000005006ea58 mode 2
Event: 5635.931 Thread 0x000000002370e000 Uncommon trap: trap_request=0xffffff65 fr.pc=0x000000000d23cbc8
Event: 5635.931 Thread 0x000000002370e000 DEOPT PACKING pc=0x000000000d23cbc8 sp=0x000000005046eb90
Event: 5635.931 Thread 0x000000002370e000 DEOPT UNPACKING pc=0x000000000308557b sp=0x000000005046eb20 mode 2
Event: 5636.083 Thread 0x0000000020ed0000 DEOPT PACKING pc=0x000000000d3243df sp=0x000000005006e4c0
Event: 5636.083 Thread 0x0000000020ed0000 DEOPT UNPACKING pc=0x00000000030875d0 sp=0x000000005006e218 mode 0
Event: 5636.128 Executing VM operation: ForceSafepoint
Event: 5636.128 Executing VM operation: ForceSafepoint done


Dynamic libraries:
0x00007ff7a7420000 - 0x00007ff7a7451000 	C:\Program Files\Android\Android Studio\jre\bin\java.exe
0x00007ffb612d0000 - 0x00007ffb614c6000 	C:\WINDOWS\SYSTEM32\ntdll.dll
0x00007ffb60bd0000 - 0x00007ffb60c8d000 	C:\WINDOWS\System32\KERNEL32.DLL
0x00007ffb5eca0000 - 0x00007ffb5ef68000 	C:\WINDOWS\System32\KERNELBASE.dll
0x00007ffb607b0000 - 0x00007ffb6085c000 	C:\WINDOWS\System32\ADVAPI32.dll
0x00007ffb60c90000 - 0x00007ffb60d2e000 	C:\WINDOWS\System32\msvcrt.dll
0x00007ffb60d60000 - 0x00007ffb60dfb000 	C:\WINDOWS\System32\sechost.dll
0x00007ffb60aa0000 - 0x00007ffb60bc3000 	C:\WINDOWS\System32\RPCRT4.dll
0x00007ffb603a0000 - 0x00007ffb60540000 	C:\WINDOWS\System32\USER32.dll
0x00007ffb5f300000 - 0x00007ffb5f322000 	C:\WINDOWS\System32\win32u.dll
0x00007ffb60610000 - 0x00007ffb6063a000 	C:\WINDOWS\System32\GDI32.dll
0x00007ffb5ea10000 - 0x00007ffb5eb19000 	C:\WINDOWS\System32\gdi32full.dll
0x00007ffb5f260000 - 0x00007ffb5f2fd000 	C:\WINDOWS\System32\msvcp_win.dll
0x00007ffb5eba0000 - 0x00007ffb5eca0000 	C:\WINDOWS\System32\ucrtbase.dll
0x00007ffb4c8e0000 - 0x00007ffb4cb7b000 	C:\WINDOWS\WinSxS\amd64_microsoft.windows.common-controls_6595b64144ccf1df_6.0.19041.488_none_ca04af081b815d21\COMCTL32.dll
0x00007ffb60d30000 - 0x00007ffb60d60000 	C:\WINDOWS\System32\IMM32.DLL
0x000000005f800000 - 0x000000005f8d2000 	C:\Program Files\Android\Android Studio\jre\jre\bin\msvcr100.dll
0x00000000603d0000 - 0x0000000060c1b000 	C:\Program Files\Android\Android Studio\jre\jre\bin\server\jvm.dll
0x00007ffb60540000 - 0x00007ffb60548000 	C:\WINDOWS\System32\PSAPI.DLL
0x00007ffb47f10000 - 0x00007ffb47f19000 	C:\WINDOWS\SYSTEM32\WSOCK32.dll
0x00007ffb5fbe0000 - 0x00007ffb5fc4b000 	C:\WINDOWS\System32\WS2_32.dll
0x00007ffb3bf50000 - 0x00007ffb3bf77000 	C:\WINDOWS\SYSTEM32\WINMM.dll
0x00007ffb57bb0000 - 0x00007ffb57bba000 	C:\WINDOWS\SYSTEM32\VERSION.dll
0x00007ffb54e40000 - 0x00007ffb54e4f000 	C:\Program Files\Android\Android Studio\jre\jre\bin\verify.dll
0x00007ffb4bc70000 - 0x00007ffb4bc99000 	C:\Program Files\Android\Android Studio\jre\jre\bin\java.dll
0x00007ffb4b340000 - 0x00007ffb4b356000 	C:\Program Files\Android\Android Studio\jre\jre\bin\zip.dll
0x00007ffb5fc50000 - 0x00007ffb60391000 	C:\WINDOWS\System32\SHELL32.dll
0x00007ffb5c7a0000 - 0x00007ffb5cf35000 	C:\WINDOWS\SYSTEM32\windows.storage.dll
0x00007ffb60f30000 - 0x00007ffb61285000 	C:\WINDOWS\System32\combase.dll
0x00007ffb5e480000 - 0x00007ffb5e4ac000 	C:\WINDOWS\SYSTEM32\Wldp.dll
0x00007ffb5f330000 - 0x00007ffb5f3de000 	C:\WINDOWS\System32\SHCORE.dll
0x00007ffb5f590000 - 0x00007ffb5f5e5000 	C:\WINDOWS\System32\shlwapi.dll
0x00007ffb5e940000 - 0x00007ffb5e966000 	C:\WINDOWS\SYSTEM32\profapi.dll
0x00007ffb4afd0000 - 0x00007ffb4afea000 	C:\Program Files\Android\Android Studio\jre\jre\bin\net.dll
0x00007ffb5e200000 - 0x00007ffb5e26a000 	C:\WINDOWS\system32\mswsock.dll
0x00007ffb43f80000 - 0x00007ffb43f93000 	C:\Program Files\Android\Android Studio\jre\jre\bin\nio.dll
0x00007ffb4bce0000 - 0x00007ffb4bd07000 	C:\Users\hieub\.gradle\native\f6784746aeab05261644944871eae4fe03e0ef1612fff0a4a95f87b438bc6780\windows-amd64\native-platform.dll
0x00007ffb4bfa0000 - 0x00007ffb4bfad000 	C:\Program Files\Android\Android Studio\jre\jre\bin\management.dll
0x00007ffb5e3d0000 - 0x00007ffb5e3e8000 	C:\WINDOWS\SYSTEM32\CRYPTSP.dll
0x00007ffb5db20000 - 0x00007ffb5db54000 	C:\WINDOWS\system32\rsaenh.dll
0x00007ffb5f230000 - 0x00007ffb5f257000 	C:\WINDOWS\System32\bcrypt.dll
0x00007ffb5e900000 - 0x00007ffb5e92e000 	C:\WINDOWS\SYSTEM32\USERENV.dll
0x00007ffb5eb20000 - 0x00007ffb5eb9f000 	C:\WINDOWS\System32\bcryptprimitives.dll
0x00007ffb5e3f0000 - 0x00007ffb5e3fc000 	C:\WINDOWS\SYSTEM32\CRYPTBASE.dll
0x00007ffb5dea0000 - 0x00007ffb5dedb000 	C:\WINDOWS\SYSTEM32\IPHLPAPI.DLL
0x00007ffb60550000 - 0x00007ffb60558000 	C:\WINDOWS\System32\NSI.dll
0x00007ffb5bd60000 - 0x00007ffb5bd77000 	C:\WINDOWS\SYSTEM32\dhcpcsvc6.DLL
0x00007ffb5bd40000 - 0x00007ffb5bd5d000 	C:\WINDOWS\SYSTEM32\dhcpcsvc.DLL
0x00007ffb5dee0000 - 0x00007ffb5dfab000 	C:\WINDOWS\SYSTEM32\DNSAPI.dll
0x00007ffb56f20000 - 0x00007ffb56f2b000 	C:\WINDOWS\SYSTEM32\WINNSI.DLL
0x00007ffb37220000 - 0x00007ffb37244000 	C:\Program Files\Android\Android Studio\jre\jre\bin\sunec.dll
0x00007ffb4bab0000 - 0x00007ffb4baba000 	C:\Windows\System32\rasadhlp.dll
0x00007ffb4d380000 - 0x00007ffb4d3ff000 	C:\WINDOWS\System32\fwpuclnt.dll
0x00007ffb4be30000 - 0x00007ffb4be3b000 	C:\Program Files\Android\Android Studio\jre\jre\bin\sunmscapi.dll
0x00007ffb5f0d0000 - 0x00007ffb5f22d000 	C:\WINDOWS\System32\CRYPT32.dll
0x00007ffb5d750000 - 0x00007ffb5d783000 	C:\WINDOWS\SYSTEM32\ntmarta.dll
0x00007ffb5b590000 - 0x00007ffb5b620000 	C:\WINDOWS\system32\apphelp.dll

VM Arguments:
jvm_args: -Xmx2048m -Dfile.encoding=UTF-8 -Duser.country=US -Duser.language=en -Duser.variant 
java_command: org.gradle.launcher.daemon.bootstrap.GradleDaemon 6.5
java_class_path (initial): C:\Users\hieub\.gradle\wrapper\dists\gradle-6.5-bin\6nifqtx7604sqp1q6g8wikw7p\gradle-6.5\lib\gradle-launcher-6.5.jar
Launcher Type: SUN_STANDARD

Environment Variables:
PATH=C:\Python39\Scripts\;C:\Python39\;C:\Program Files\Microsoft MPI\Bin\;C:\Program Files (x86)\Common Files\Oracle\Java\javapath;C:\WINDOWS\system32;C:\WINDOWS;C:\WINDOWS\System32\Wbem;C:\WINDOWS\System32\WindowsPowerShell\v1.0\;C:\WINDOWS\System32\OpenSSH\;C:\Program Files\Java\jdk1.8.0_241\bin;C:\Program Files\dotnet\;C:\Program Files\Microsoft SQL Server\130\Tools\Binn\;C:\Program Files\Java\jre1.8.0_241\bin;C:\netbeans\java\maven\bin;C:\Program Files (x86)\Vim\vim82;C:\_P\Notepad++;C:\Program Files (x86)\NordVPN\;C:\Program Files (x86)\Microsoft SQL Server\110\Tools\Binn\;C:\Program Files\Microsoft SQL Server\110\Tools\Binn\;C:\Program Files\Microsoft SQL Server\110\DTS\Binn\;C:\Program Files (x86)\Microsoft SQL Server\110\Tools\Binn\ManagementStudio\;C:\Program Files (x86)\Microsoft SQL Server\110\DTS\Binn\;C:\Program Files\Git\cmd;C:\Users\hieub\AppData\Local\Microsoft\WindowsApps;C:\Users\hieub\AppData\Roaming\npm;C:\Users\hieub\Desktop;C:\Users\hieub\AppData\Local\Programs\Microsoft VS Code\bin;C:\Users\hieub\Ap;C:\Program Files\nodejs\;C:\ProgramData\chocolatey\bin;C:\Users\hieub\AppData\Local\Microsoft\WindowsApps;C:\Users\hieub\Desktop;C:\Users\hieub\AppData\Local\Programs\Microsoft VS Code\bin;C:\Users\hieub\AppData\Local\Android\Sdk\platform-tools;C:\Users\hieub\AppData\Roaming\npm;D:\SDK\platform-tools;
USERNAME=hieub
OS=Windows_NT
PROCESSOR_IDENTIFIER=Intel64 Family 6 Model 142 Stepping 10, GenuineIntel



---------------  S Y S T E M  ---------------

OS: Windows 10.0 , 64 bit Build 19041 (10.0.19041.546)

CPU:total 8 (initial active 8) (4 cores per cpu, 2 threads per core) family 6 model 142 stepping 10, cmov, cx8, fxsr, mmx, sse, sse2, sse3, ssse3, sse4.1, sse4.2, popcnt, avx, avx2, aes, clmul, erms, 3dnowpref, lzcnt, ht, tsc, tscinvbit, bmi1, bmi2, adx

Memory: 4k page, physical 8266124k(457104k free), swap 12167564k(5268k free)

vm_info: OpenJDK 64-Bit Server VM (25.242-b01) for windows-amd64 JRE (1.8.0_242-release-1644-b01), built by "builder" with MS VC++ 10.0 (VS2010)

time: Sun Nov 08 11:15:49 2020
timezone: SE Asia Standard Time
elapsed time: 5636 seconds (0d 1h 33m 56s)

